421815
421816
421949
421961
421968
421969
421975
421976
421988
421989
421999
422014
422018
422020
422040
422041
422043
422045
422050
422051
422053
422054
422055
422057
422064
422066
422067
422068
422070
422074
422075
422084
422085
422123
422124
422135
422141
422147
422148
422200
422201
422202
422203
422205
422255
422256
422260
422262
422263
422266
422267
422268
422269
422272
422273
422298
422305
422314
422319
422322
422323
422324
422531
422540
422543
422553
422562
422566
422575
422611
422613
422614
422615
422618
422640
422643
422756
422758
422762
422763
422779
422782
422785
423041
423043
423101
423109
423110
423132
423149
423220
423263
423268
423275
423278
423290
423301
423311
423377
423424
423432
423433
423546
423547
423548
423549
423550
423553
423576
423579
423632
423652
423663
423664
423676
423677
423679
423685
423696
423703
423820
423826
423828
423839
423843
423844
423845
423856
423860
423865
423867
423868
424038
424039
424040
424051
424052
424053
424055
424060
424061
424062
424063
424189
424190
424193
424194
424195
424227
424255
424257
424270
424272
424273
424275
424276
424348
424353
424356
424358
424365
424368
424371
424372
424439
424440
424441
424443
424444
424445
424452
424557
424584
424585
424626
424627
424629
424644
424671
424751
424754
424755
424756
424759
424760
424761
424763
424817
424827
424836
424877
424880
424881
424885
424886
425006
425008
425011
425016
425078
425079
425080
425152
425168
425171
425172
425173
425212
425213
425214
425215
425286
425287
425288
425289
425290
425292
425293
425294
425295
425296
425377
425378
425395
425397
425403
425409
425412
425413
425420
425422
425423
425424
425425
425428
425429
425431
425433
425434
425439
425553
425564
425566
425583
425688
425691
425692
425693
425694
426112
426113
426114
426115
426116
426117
426252
426273
426281
426282
426283
426307
426308
426313
426315
426316
426319
426320
426353
426365
426366
426378
426383
426391
426394
426397
426401
426406
426407
426408
426409
426442
426443
426444
426445
426450
426460
426461
427013
427019
427020
427021
427024
427025
427026
427027
427111
427129
427135
427136
427137
427141
427144
427145
427146
427147
427148
427149
427233
427239
427241
427243
427244
427262
427264
427360
427361
427362
427363
427366
427367
427373
427377
427380
427383
427384
427385
427388
427389
427390
427391
427393
427394
427397
427398
427481
427482
427483
427484
427485
427486
427498
427499
427500
427502
427508
427510
427514
427523
427527
427529
427530
427605
427654
427656
427657
427658
427660
427661
427662
427670
427671
427672
427673
427674
427708
427709
427710
427711
427712
427713
427805
427806
427807
427810
427811
427813
427814
427815
427829
427878
427879
427881
427882
427883
427885
427886
427887
427963
427964
427965
427968
427970
427974
427975
427977
427979
427980
427982
427984
428166
428168
428169
428204
428206
428207
428208
428211
428212
428255
428256
428260
428261
428262
428263
428264
428265
428266
428267
428268
428269
428272
428273
428318
428319
428321
428323
428324
428325
428326
428328
428329
428331
428377
428379
428381
428382
428384
428385
428386
428431
428432
428433
428446
428447
428448
428451
428452
428453
428454
428455
428459
428460
428601
428602
428603
428604
428605
428607
428608
428609
428610
428613
428614
428615
428616
428617
428618
428710
428713
428714
428715
428717
428728
428730
428733
428734
428735
428736
428737
428738
428739
428754
428755
428757
428758
428759
428760
428762
428763
428771
428772
428891
428892
428893
428894
428896
428898
428929
428930
428931
428933
428934
429007
429010
429014
429016
429017
429022
429023
429024
429025
429026
429027
429029
429062
429066
429067
429068
429069
429070
429071
429112
429114
429115
429126
429127
429128
429129
429132
429133
429351
429352
429353
429355
429359
429361
429364
429365
429366
429368
429370
429503
429504
429505
429506
429512
429518
429519
429549
429551
429552
429554
429555
429556
429589
429590
429591
429592
429593
429594
429595
429596
429676
429678
429679
429680
429685
429686
429687
429688
429689
429691
429696
429787
429789
429795
429796
429797
429798
429799
429800
429801
429802
429886
429887
429888
429889
429890
429893
429894
429895
429896
429905
429906
429909
429910
429911
429912
429915
430013
430014
430016
430017
430022
430023
430024
430116
430117
430119
430120
430121
430123
430124
430125
430128
430131
430133
430134
430136
430141
430142
430143
430234
430235
430236
430237
430238
430239
430240
430241
430242
430277
430278
430279
430280
430281
430384
430386
430390
430393
430402
430406
430407
430408
430409
430414
430415
430494
430496
430497
430500
430501
430502
430519
430520
430521
430522
430524
430525
430557
430558
430560
430562
430563
430565
430566
430594
430595
430596
430598
430599
430600
430607
430608
430676
430679
430680
430681
430682
430683
430692
430693
430694
430696
430697
430699
430700
430701
430702
430905
430906
430907
430909
430911
430912
430913
430914
430920
430921
430923
430924
430925
430927
430928
430929
430930
430931
430932
430933
430935
430936
431020
431021
431022
431023
431026
431027
431028
431030
431031
431033
431040
431122
431123
431125
431126
431127
431130
431131
431134
431135
431136
431137
431138
431139
431142
431143
431144
431145
431146
431147
431148
431149
431216
431217
431219
431220
431221
431224
431233
431234
431235
431239
431240
431256
431257
431258
431259
431260
431261
431294
431295
431298
431299
431301
431302
431357
431358
431360
431362
431428
431429
431430
431432
431437
431447
431448
431453
431454
431458
431608
431609
431612
431615
431616
431618
431619
431620
431622
431717
431720
431725
431727
431731
431732
431733
431736
431738
431739
431744
431745
431746
431831
431832
431833
431834
431835
431836
431837
431839
431840
431844
431845
431846
431854
431859
431860
431886
431888
431889
431891
431892
431893
431894
431932
431937
431938
431939
431940
431941
431942
431943
431948
431951
431960
431963
431997
432001
432007
432008
